2020-11-19 02:46:03 INFO  Hooks:18 - ::: Starting automation :::
2020-11-19 02:46:03 INFO  Hooks:19 - Browser type: chrome
2020-11-19 02:46:03 INFO  Hooks:20 - URL: http://login2.nextbasecrm.com
2020-11-19 02:46:03 INFO  Driver:38 - Browser :: chrome
2020-11-19 02:46:07 INFO  Hooks:32 - ::: Ending automation :::
2020-11-19 02:53:28 INFO  Hooks:18 - ::: Starting automation :::
2020-11-19 02:53:28 INFO  Hooks:19 - Browser type: chrome
2020-11-19 02:53:28 INFO  Hooks:20 - URL: http://login2.nextbasecrm.com
2020-11-19 02:53:28 INFO  Driver:38 - Browser :: chrome
2020-11-19 02:53:38 INFO  LoginPage:46 - Logins as hr
2020-11-19 02:53:38 INFO  Hooks:32 - ::: Ending automation :::
2020-11-19 03:37:08 INFO  Hooks:18 - ::: Starting automation :::
2020-11-19 03:37:08 INFO  Hooks:19 - Browser type: chrome
2020-11-19 03:37:08 INFO  Hooks:20 - URL: http://login2.nextbasecrm.com
2020-11-19 03:37:08 INFO  Driver:38 - Browser :: chrome
2020-11-19 03:37:17 INFO  LoginPage:46 - Logins as hr
2020-11-19 03:37:17 INFO  Hooks:32 - ::: Ending automation :::
2020-11-19 18:53:51 INFO  Hooks:18 - ::: Starting automation :::
2020-11-19 18:53:51 INFO  Hooks:19 - Browser type: chrome
2020-11-19 18:53:51 INFO  Hooks:20 - URL: http://login2.nextbasecrm.com
2020-11-19 18:53:51 INFO  Driver:38 - Browser :: chrome
2020-11-19 18:54:00 INFO  LoginPage:46 - Logins as hr
2020-11-19 18:54:02 INFO  BasePage:38 - Navigating to: Activity Stream
2020-11-19 18:54:02 INFO  Hooks:32 - ::: Ending automation :::
2020-11-19 19:03:23 INFO  Hooks:18 - ::: Starting automation :::
2020-11-19 19:03:23 INFO  Hooks:19 - Browser type: chrome
2020-11-19 19:03:23 INFO  Hooks:20 - URL: http://login2.nextbasecrm.com
2020-11-19 19:03:23 INFO  Driver:38 - Browser :: chrome
2020-11-19 19:03:32 INFO  LoginPage:46 - Logins as hr
2020-11-19 19:03:34 INFO  BasePage:38 - Navigating to: Activity Stream
2020-11-19 19:03:34 INFO  ActivityStreamPage:40 - File path: /Users/Sada/IdeaProjects/SymmetrixAutomation/src/test/resources/testData/testPhoto.jpg
2020-11-19 19:03:39 INFO  ActivityStreamPage:49 - Clicking on the Send button
2020-11-19 19:03:40 INFO  Hooks:32 - ::: Ending automation :::
